
> coderhouse_desafio13@1.0.0 consoletest
> node ./src/benchmark_console.js
Ejecutando benchmark con Console.Log ...
Running 20s test @ http://localhost:8080/info?console=true
100 connections

┌─────────┬─────────┬─────────┬─────────┬─────────┬────────────┬───────────┬─────────┐
│ Stat    │ 2.5%    │ 50%     │ 97.5%   │ 99%     │ Avg        │ Stdev     │ Max     │
├─────────┼─────────┼─────────┼─────────┼─────────┼────────────┼───────────┼─────────┤
│ Latency │ 1335 ms │ 1742 ms │ 2871 ms │ 2878 ms │ 1955.18 ms │ 447.65 ms │ 3245 ms │
└─────────┴─────────┴─────────┴─────────┴─────────┴────────────┴───────────┴─────────┘
┌───────────┬─────┬──────┬─────┬─────────┬───────┬───────┬─────────┐
│ Stat      │ 1%  │ 2.5% │ 50% │ 97.5%   │ Avg   │ Stdev │ Min     │
├───────────┼─────┼──────┼─────┼─────────┼───────┼───────┼─────────┤
│ Req/Sec   │ 0   │ 0    │ 0   │ 1       │ 0.08  │ 0.27  │ 1       │
├───────────┼─────┼──────┼─────┼─────────┼───────┼───────┼─────────┤
│ Bytes/Sec │ 0 B │ 0 B  │ 0 B │ 2.85 kB │ 207 B │ 741 B │ 2.84 kB │
└───────────┴─────┴──────┴─────┴─────────┴───────┴───────┴─────────┘

Req/Bytes counts sampled every 0.001 seconds.
# of samples: 13291

1k requests in 20.08s, 2.75 MB read