
> coderhouse_desafio13@1.0.0 noconsoletest
> node ./src/benchmark_noconsole.js

Ejecutando benchmark sin Console.Log ...
Running 20s test @ http://localhost:8080/info
100 connections

┌─────────┬─────────┬─────────┬─────────┬─────────┬────────────┬───────────┬─────────┐
│ Stat    │ 2.5%    │ 50%     │ 97.5%   │ 99%     │ Avg        │ Stdev     │ Max     │
├─────────┼─────────┼─────────┼─────────┼─────────┼────────────┼───────────┼─────────┤
│ Latency │ 1255 ms │ 1441 ms │ 2189 ms │ 2233 ms │ 1480.59 ms │ 204.08 ms │ 2672 ms │
└─────────┴─────────┴─────────┴─────────┴─────────┴────────────┴───────────┴─────────┘
┌───────────┬─────┬──────┬─────┬─────────┬───────┬───────┬─────────┐
│ Stat      │ 1%  │ 2.5% │ 50% │ 97.5%   │ Avg   │ Stdev │ Min     │
├───────────┼─────┼──────┼─────┼─────────┼───────┼───────┼─────────┤
│ Req/Sec   │ 0   │ 0    │ 0   │ 1       │ 0.1   │ 0.3   │ 1       │
├───────────┼─────┼──────┼─────┼─────────┼───────┼───────┼─────────┤
│ Bytes/Sec │ 0 B │ 0 B  │ 0 B │ 2.85 kB │ 278 B │ 846 B │ 2.84 kB │
└───────────┴─────┴──────┴─────┴─────────┴───────┴───────┴─────────┘

Req/Bytes counts sampled every 0.001 seconds.
# of samples: 13295

1k requests in 20.12s, 3.7 MB read